<?xml version="1.0" encoding="UTF-8"?>
<testng-results skipped="0" failed="0" ignored="0" total="1" passed="1">
  <reporter-output>
  </reporter-output>
  <suite name="Default suite" duration-ms="10199" started-at="2024-06-24T05:25:23Z" finished-at="2024-06-24T05:25:33Z">
    <groups>
    </groups>
    <test name="Default test" duration-ms="10199" started-at="2024-06-24T05:25:23Z" finished-at="2024-06-24T05:25:33Z">
      <class name="com.test.logintestcheckit">
        <test-method status="PASS" signature="checkloginpage1()[pri:0, instance:com.test.logintestcheckit@7a9273a8]" name="checkloginpage1" duration-ms="10179" started-at="2024-06-24T10:55:23Z" finished-at="2024-06-24T10:55:33Z">
          <reporter-output>
          </reporter-output>
        </test-method> <!-- checkloginpage1 -->
      </class> <!-- com.test.logintestcheckit -->
    </test> <!-- Default test -->
  </suite> <!-- Default suite -->
</testng-results>
