<?xml version="1.0" encoding="UTF-8"?>
<!-- Generated by org.testng.reporters.JUnitXMLReporter -->
<testsuite hostname="ITSOFT-11" ignored="0" name="Test" tests="1" failures="1" timestamp="20 Jun 2024 06:14:42 GMT" time="0.032" errors="0">
  <testcase name="checkloginpage1" time="0.008" classname="com.test.logintestcheckit">
    <failure type="java.lang.UnsupportedClassVersionError" message="org/openqa/selenium/chrome/ChromeDriver has been compiled by a more recent version of the Java Runtime (class file version 55.0), this version of the Java Runtime only recognizes class file versions up to 52.0">
      <![CDATA[java.lang.UnsupportedClassVersionError: org/openqa/selenium/chrome/ChromeDriver has been compiled by a more recent version of the Java Runtime (class file version 55.0), this version of the Java Runtime only recognizes class file versions up to 52.0at java.lang.ClassLoader.defineClass1(Native Method)at java.lang.ClassLoader.defineClass(ClassLoader.java:763)at java.security.SecureClassLoader.defineClass(SecureClassLoader.java:142)at java.net.URLClassLoader.defineClass(URLClassLoader.java:467)at java.net.URLClassLoader.access$100(URLClassLoader.java:73)at java.net.URLClassLoader$1.run(URLClassLoader.java:368)at java.net.URLClassLoader$1.run(URLClassLoader.java:362)at java.security.AccessController.doPrivileged(Native Method)at java.net.URLClassLoader.findClass(URLClassLoader.java:361)at java.lang.ClassLoader.loadClass(ClassLoader.java:424)at sun.misc.Launcher$AppClassLoader.loadClass(Launcher.java:335)at java.lang.ClassLoader.loadClass(ClassLoader.java:357)at com.test.logintestcheckit.checkloginpage1(logintestcheckit.java:17)... Removed 25 stack frames]]>
    </failure>
  </testcase> <!-- checkloginpage1 -->
</testsuite> <!-- Test -->
